   1              		.cpu arm7tdmi
   2              		.fpu softvfp
   3              		.eabi_attribute 20, 1
   4              		.eabi_attribute 21, 1
   5              		.eabi_attribute 23, 3
   6              		.eabi_attribute 24, 1
   7              		.eabi_attribute 25, 1
   8              		.eabi_attribute 26, 1
   9              		.eabi_attribute 30, 6
  10              		.eabi_attribute 18, 4
  11              		.file	"ufo.c"
  21              	.Ltext0:
  22              		.file 1 "../ufo.c"
 1362              		.align	2
 1365              	scoreTable:
 1366 0000 6400     		.short	100
 1367 0002 3200     		.short	50
 1368 0004 3200     		.short	50
 1369 0006 6400     		.short	100
 1370 0008 9600     		.short	150
 1371 000a 6400     		.short	100
 1372 000c 6400     		.short	100
 1373 000e 3200     		.short	50
 1374 0010 2C01     		.short	300
 1375 0012 6400     		.short	100
 1376 0014 6400     		.short	100
 1377 0016 6400     		.short	100
 1378 0018 3200     		.short	50
 1379 001a 9600     		.short	150
 1380 001c 6400     		.short	100
 1381 001e 3200     		.short	50
 1382              		.text
 1383              		.align	2
 1384              		.global	ufo_init
 1386              	ufo_init:
 1387              	.LFB0:
   1:../ufo.c      **** #include "config.h"
   2:../ufo.c      **** #include "random.h"
   3:../ufo.c      **** #include "pixmaps.h"
   4:../ufo.c      **** #include "wavs.h"
   5:../ufo.c      **** #include "ufo.h"
   6:../ufo.c      **** 
   7:../ufo.c      **** static int16 scoreTable[] = { 100, 50, 50, 100, 150, 100, 100, 50, 300, 100, 100, 100, 50, 150, 100
   8:../ufo.c      **** 
   9:../ufo.c      **** static void ufo_draw( Ufo *self );
  10:../ufo.c      **** static void ufo_clear( Ufo *self );
  11:../ufo.c      **** 
  12:../ufo.c      **** void ufo_init( Ufo *self )
  13:../ufo.c      **** {
 1388              		.loc 1 13 0
 1389              		.cfi_startproc
 1390              		@ Function supports interworking.
 1391              		@ args = 0, pretend = 0, frame = 8
 1392              		@ frame_needed = 1, uses_anonymous_args = 0
 1393 0000 0DC0A0E1 		mov	ip, sp
 1394              	.LCFI0:
 1395              		.cfi_def_cfa_register 12
 1396 0004 00D82DE9 		stmfd	sp!, {fp, ip, lr, pc}
 1397 0008 04B04CE2 		sub	fp, ip, #4
 1398              		.cfi_offset 14, -8
 1399              		.cfi_offset 13, -12
 1400              		.cfi_offset 11, -16
 1401              	.LCFI1:
 1402              		.cfi_def_cfa 11, 4
 1403 000c 08D04DE2 		sub	sp, sp, #8
 1404 0010 10000BE5 		str	r0, [fp, #-16]
  14:../ufo.c      ****     self->state           = noUfo;
 1405              		.loc 1 14 0
 1406 0014 10301BE5 		ldr	r3, [fp, #-16]
 1407 0018 0020A0E3 		mov	r2, #0
 1408 001c 0020C3E5 		strb	r2, [r3, #0]
  15:../ufo.c      ****     self->row             = UFO_ROW;
 1409              		.loc 1 15 0
 1410 0020 10301BE5 		ldr	r3, [fp, #-16]
 1411 0024 0820A0E3 		mov	r2, #8
 1412 0028 B620C3E1 		strh	r2, [r3, #6]	@ movhi
  16:../ufo.c      ****     self->sprite          = (Sprite){ UFO_WIDTH, UFO_HEIGHT, ufoPixMap };
 1413              		.loc 1 16 0
 1414 002c 10301BE5 		ldr	r3, [fp, #-16]
 1415 0030 40209FE5 		ldr	r2, .L2
 1416 0034 083083E2 		add	r3, r3, #8
 1417 0038 030092E8 		ldmia	r2, {r0, r1}
 1418 003c 030083E8 		stmia	r3, {r0, r1}
  17:../ufo.c      ****     self->explosionSprite = (Sprite){ UFO_WIDTH, UFO_HEIGHT, ufoExplosionPixMap };
 1419              		.loc 1 17 0
 1420 0040 10301BE5 		ldr	r3, [fp, #-16]
 1421 0044 30209FE5 		ldr	r2, .L2+4
 1422 0048 103083E2 		add	r3, r3, #16
 1423 004c 030092E8 		ldmia	r2, {r0, r1}
 1424 0050 030083E8 		stmia	r3, {r0, r1}
  18:../ufo.c      ****     self->launchSound     = (Sound){ UFO_LAUNCH };
 1425              		.loc 1 18 0
 1426 0054 10301BE5 		ldr	r3, [fp, #-16]
 1427 0058 20209FE5 		ldr	r2, .L2+8
 1428 005c 182083E5 		str	r2, [r3, #24]
  19:../ufo.c      ****     self->explosionSound  = (Sound){ ENEMY_EXPLOSION };
 1429              		.loc 1 19 0
 1430 0060 10301BE5 		ldr	r3, [fp, #-16]
 1431 0064 18209FE5 		ldr	r2, .L2+12
 1432 0068 1C2083E5 		str	r2, [r3, #28]
  20:../ufo.c      **** }
 1433              		.loc 1 20 0
 1434 006c 0CD04BE2 		sub	sp, fp, #12
 1435 0070 00689DE8 		ldmfd	sp, {fp, sp, lr}
 1436 0074 1EFF2FE1 		bx	lr
 1437              	.L3:
 1438              		.align	2
 1439              	.L2:
 1440 0078 00000000 		.word	C.0.4981
 1441 007c 08000000 		.word	C.1.4982
 1442 0080 00344F0C 		.word	206517248
 1443 0084 00AE4D0C 		.word	206417408
 1444              		.cfi_endproc
 1445              	.LFE0:
 1447              		.align	2
 1449              	ufo_draw:
 1450              	.LFB1:
  21:../ufo.c      **** 
  22:../ufo.c      **** static void ufo_draw( Ufo *self )
  23:../ufo.c      **** {
 1451              		.loc 1 23 0
 1452              		.cfi_startproc
 1453              		@ Function supports interworking.
 1454              		@ args = 0, pretend = 0, frame = 8
 1455              		@ frame_needed = 1, uses_anonymous_args = 0
 1456 0088 0DC0A0E1 		mov	ip, sp
 1457              	.LCFI2:
 1458              		.cfi_def_cfa_register 12
 1459 008c 00D82DE9 		stmfd	sp!, {fp, ip, lr, pc}
 1460 0090 04B04CE2 		sub	fp, ip, #4
 1461              		.cfi_offset 14, -8
 1462              		.cfi_offset 13, -12
 1463              		.cfi_offset 11, -16
 1464              	.LCFI3:
 1465              		.cfi_def_cfa 11, 4
 1466 0094 08D04DE2 		sub	sp, sp, #8
 1467 0098 10000BE5 		str	r0, [fp, #-16]
  24:../ufo.c      ****     switch( self->state )
 1468              		.loc 1 24 0
 1469 009c 10301BE5 		ldr	r3, [fp, #-16]
 1470 00a0 0030D3E5 		ldrb	r3, [r3, #0]	@ zero_extendqisi2
 1471 00a4 040053E3 		cmp	r3, #4
 1472 00a8 03F19F97 		ldrls	pc, [pc, r3, asl #2]
 1473 00ac 330000EA 		b	.L4
 1474              	.L10:
 1475 00b0 80010000 		.word	.L4
 1476 00b4 C4000000 		.word	.L7
 1477 00b8 C4000000 		.word	.L7
 1478 00bc 00010000 		.word	.L8
 1479 00c0 3C010000 		.word	.L9
 1480              	.L7:
  25:../ufo.c      ****     {
  26:../ufo.c      ****         case ufoMovingLeft:
  27:../ufo.c      ****         case ufoMovingRight:
  28:../ufo.c      ****             sprite_draw( &self->sprite, self->col, self->row );
 1481              		.loc 1 28 0
 1482 00c4 10301BE5 		ldr	r3, [fp, #-16]
 1483 00c8 081083E2 		add	r1, r3, #8
 1484 00cc 10301BE5 		ldr	r3, [fp, #-16]
 1485 00d0 B430D3E1 		ldrh	r3, [r3, #4]
 1486 00d4 0338A0E1 		mov	r3, r3, asl #16
 1487 00d8 2328A0E1 		mov	r2, r3, lsr #16
 1488 00dc 10301BE5 		ldr	r3, [fp, #-16]
 1489 00e0 B630D3E1 		ldrh	r3, [r3, #6]
 1490 00e4 0338A0E1 		mov	r3, r3, asl #16
 1491 00e8 2338A0E1 		mov	r3, r3, lsr #16
 1492 00ec 0100A0E1 		mov	r0, r1
 1493 00f0 0210A0E1 		mov	r1, r2
 1494 00f4 0320A0E1 		mov	r2, r3
 1495 00f8 FEFFFFEB 		bl	sprite_draw
  29:../ufo.c      ****             break;
 1496              		.loc 1 29 0
 1497 00fc 1F0000EA 		b	.L4
 1498              	.L8:
  30:../ufo.c      ****         case ufoExploding:
  31:../ufo.c      ****             sprite_draw( &self->explosionSprite, self->col, self->row );
 1499              		.loc 1 31 0
 1500 0100 10301BE5 		ldr	r3, [fp, #-16]
 1501 0104 101083E2 		add	r1, r3, #16
 1502 0108 10301BE5 		ldr	r3, [fp, #-16]
 1503 010c B430D3E1 		ldrh	r3, [r3, #4]
 1504 0110 0338A0E1 		mov	r3, r3, asl #16
 1505 0114 2328A0E1 		mov	r2, r3, lsr #16
 1506 0118 10301BE5 		ldr	r3, [fp, #-16]
 1507 011c B630D3E1 		ldrh	r3, [r3, #6]
 1508 0120 0338A0E1 		mov	r3, r3, asl #16
 1509 0124 2338A0E1 		mov	r3, r3, lsr #16
 1510 0128 0100A0E1 		mov	r0, r1
 1511 012c 0210A0E1 		mov	r1, r2
 1512 0130 0320A0E1 		mov	r2, r3
 1513 0134 FEFFFFEB 		bl	sprite_draw
  32:../ufo.c      ****             break;
 1514              		.loc 1 32 0
 1515 0138 100000EA 		b	.L4
 1516              	.L9:
  33:../ufo.c      ****         case ufoScoring:
  34:../ufo.c      ****             lcd_putint( (self->col+6)*2, UFO_ROW*2, BLACK, self->score );
 1517              		.loc 1 34 0
 1518 013c 10301BE5 		ldr	r3, [fp, #-16]
 1519 0140 B430D3E1 		ldrh	r3, [r3, #4]
 1520 0144 0338A0E1 		mov	r3, r3, asl #16
 1521 0148 4338A0E1 		mov	r3, r3, asr #16
 1522 014c 063083E2 		add	r3, r3, #6
 1523 0150 0338A0E1 		mov	r3, r3, asl #16
 1524 0154 2338A0E1 		mov	r3, r3, lsr #16
 1525 0158 8330A0E1 		mov	r3, r3, asl #1
 1526 015c 0338A0E1 		mov	r3, r3, asl #16
 1527 0160 2328A0E1 		mov	r2, r3, lsr #16
 1528 0164 10301BE5 		ldr	r3, [fp, #-16]
 1529 0168 0230D3E5 		ldrb	r3, [r3, #2]	@ zero_extendqisi2
 1530 016c 0200A0E1 		mov	r0, r2
 1531 0170 1010A0E3 		mov	r1, #16
 1532 0174 0F20A0E3 		mov	r2, #15
 1533 0178 FEFFFFEB 		bl	lcd_putint
  35:../ufo.c      ****             break;
 1534              		.loc 1 35 0
 1535 017c 0000A0E1 		mov	r0, r0	@ nop
 1536              	.L4:
  36:../ufo.c      ****         case noUfo:
  37:../ufo.c      ****             break;
  38:../ufo.c      ****     }      
  39:../ufo.c      **** }
 1537              		.loc 1 39 0
 1538 0180 0CD04BE2 		sub	sp, fp, #12
 1539 0184 00689DE8 		ldmfd	sp, {fp, sp, lr}
 1540 0188 1EFF2FE1 		bx	lr
 1541              		.cfi_endproc
 1542              	.LFE1:
 1544              		.align	2
 1546              	ufo_clear:
 1547              	.LFB2:
  40:../ufo.c      **** 
  41:../ufo.c      **** static void ufo_clear( Ufo *self )
  42:../ufo.c      **** {
 1548              		.loc 1 42 0
 1549              		.cfi_startproc
 1550              		@ Function supports interworking.
 1551              		@ args = 0, pretend = 0, frame = 8
 1552              		@ frame_needed = 1, uses_anonymous_args = 0
 1553 018c 0DC0A0E1 		mov	ip, sp
 1554              	.LCFI4:
 1555              		.cfi_def_cfa_register 12
 1556 0190 00D82DE9 		stmfd	sp!, {fp, ip, lr, pc}
 1557 0194 04B04CE2 		sub	fp, ip, #4
 1558              		.cfi_offset 14, -8
 1559              		.cfi_offset 13, -12
 1560              		.cfi_offset 11, -16
 1561              	.LCFI5:
 1562              		.cfi_def_cfa 11, 4
 1563 0198 08D04DE2 		sub	sp, sp, #8
 1564 019c 10000BE5 		str	r0, [fp, #-16]
  43:../ufo.c      ****     switch( self->state )
 1565              		.loc 1 43 0
 1566 01a0 10301BE5 		ldr	r3, [fp, #-16]
 1567 01a4 0030D3E5 		ldrb	r3, [r3, #0]	@ zero_extendqisi2
 1568 01a8 040053E3 		cmp	r3, #4
 1569 01ac 03F19F97 		ldrls	pc, [pc, r3, asl #2]
 1570 01b0 330000EA 		b	.L11
 1571              	.L17:
 1572 01b4 84020000 		.word	.L11
 1573 01b8 C8010000 		.word	.L14
 1574 01bc C8010000 		.word	.L14
 1575 01c0 04020000 		.word	.L15
 1576 01c4 40020000 		.word	.L16
 1577              	.L14:
  44:../ufo.c      ****     {
  45:../ufo.c      ****         case ufoMovingLeft:
  46:../ufo.c      ****         case ufoMovingRight:
  47:../ufo.c      ****             sprite_clear( &self->sprite, self->col, self->row );
 1578              		.loc 1 47 0
 1579 01c8 10301BE5 		ldr	r3, [fp, #-16]
 1580 01cc 081083E2 		add	r1, r3, #8
 1581 01d0 10301BE5 		ldr	r3, [fp, #-16]
 1582 01d4 B430D3E1 		ldrh	r3, [r3, #4]
 1583 01d8 0338A0E1 		mov	r3, r3, asl #16
 1584 01dc 2328A0E1 		mov	r2, r3, lsr #16
 1585 01e0 10301BE5 		ldr	r3, [fp, #-16]
 1586 01e4 B630D3E1 		ldrh	r3, [r3, #6]
 1587 01e8 0338A0E1 		mov	r3, r3, asl #16
 1588 01ec 2338A0E1 		mov	r3, r3, lsr #16
 1589 01f0 0100A0E1 		mov	r0, r1
 1590 01f4 0210A0E1 		mov	r1, r2
 1591 01f8 0320A0E1 		mov	r2, r3
 1592 01fc FEFFFFEB 		bl	sprite_clear
  48:../ufo.c      ****             break;
 1593              		.loc 1 48 0
 1594 0200 1F0000EA 		b	.L11
 1595              	.L15:
  49:../ufo.c      ****         case ufoExploding:
  50:../ufo.c      ****             sprite_clear( &self->explosionSprite, self->col, self->row );
 1596              		.loc 1 50 0
 1597 0204 10301BE5 		ldr	r3, [fp, #-16]
 1598 0208 101083E2 		add	r1, r3, #16
 1599 020c 10301BE5 		ldr	r3, [fp, #-16]
 1600 0210 B430D3E1 		ldrh	r3, [r3, #4]
 1601 0214 0338A0E1 		mov	r3, r3, asl #16
 1602 0218 2328A0E1 		mov	r2, r3, lsr #16
 1603 021c 10301BE5 		ldr	r3, [fp, #-16]
 1604 0220 B630D3E1 		ldrh	r3, [r3, #6]
 1605 0224 0338A0E1 		mov	r3, r3, asl #16
 1606 0228 2338A0E1 		mov	r3, r3, lsr #16
 1607 022c 0100A0E1 		mov	r0, r1
 1608 0230 0210A0E1 		mov	r1, r2
 1609 0234 0320A0E1 		mov	r2, r3
 1610 0238 FEFFFFEB 		bl	sprite_clear
  51:../ufo.c      ****             break;
 1611              		.loc 1 51 0
 1612 023c 100000EA 		b	.L11
 1613              	.L16:
  52:../ufo.c      ****         case ufoScoring:
  53:../ufo.c      ****             lcd_putint( (self->col+6)*2, UFO_ROW*2, WHITE, self->score );
 1614              		.loc 1 53 0
 1615 0240 10301BE5 		ldr	r3, [fp, #-16]
 1616 0244 B430D3E1 		ldrh	r3, [r3, #4]
 1617 0248 0338A0E1 		mov	r3, r3, asl #16
 1618 024c 4338A0E1 		mov	r3, r3, asr #16
 1619 0250 063083E2 		add	r3, r3, #6
 1620 0254 0338A0E1 		mov	r3, r3, asl #16
 1621 0258 2338A0E1 		mov	r3, r3, lsr #16
 1622 025c 8330A0E1 		mov	r3, r3, asl #1
 1623 0260 0338A0E1 		mov	r3, r3, asl #16
 1624 0264 2328A0E1 		mov	r2, r3, lsr #16
 1625 0268 10301BE5 		ldr	r3, [fp, #-16]
 1626 026c 0230D3E5 		ldrb	r3, [r3, #2]	@ zero_extendqisi2
 1627 0270 0200A0E1 		mov	r0, r2
 1628 0274 1010A0E3 		mov	r1, #16
 1629 0278 0020A0E3 		mov	r2, #0
 1630 027c FEFFFFEB 		bl	lcd_putint
  54:../ufo.c      ****             break;
 1631              		.loc 1 54 0
 1632 0280 0000A0E1 		mov	r0, r0	@ nop
 1633              	.L11:
  55:../ufo.c      ****         case noUfo:
  56:../ufo.c      ****             break;
  57:../ufo.c      ****     }          
  58:../ufo.c      **** }
 1634              		.loc 1 58 0
 1635 0284 0CD04BE2 		sub	sp, fp, #12
 1636 0288 00689DE8 		ldmfd	sp, {fp, sp, lr}
 1637 028c 1EFF2FE1 		bx	lr
 1638              		.cfi_endproc
 1639              	.LFE2:
 1641              		.align	2
 1642              		.global	ufo_launch
 1644              	ufo_launch:
 1645              	.LFB3:
  59:../ufo.c      **** 
  60:../ufo.c      **** void ufo_launch( Ufo *self )
  61:../ufo.c      **** {
 1646              		.loc 1 61 0
 1647              		.cfi_startproc
 1648              		@ Function supports interworking.
 1649              		@ args = 0, pretend = 0, frame = 8
 1650              		@ frame_needed = 1, uses_anonymous_args = 0
 1651 0290 0DC0A0E1 		mov	ip, sp
 1652              	.LCFI6:
 1653              		.cfi_def_cfa_register 12
 1654 0294 00D82DE9 		stmfd	sp!, {fp, ip, lr, pc}
 1655 0298 04B04CE2 		sub	fp, ip, #4
 1656              		.cfi_offset 14, -8
 1657              		.cfi_offset 13, -12
 1658              		.cfi_offset 11, -16
 1659              	.LCFI7:
 1660              		.cfi_def_cfa 11, 4
 1661 029c 08D04DE2 		sub	sp, sp, #8
 1662 02a0 10000BE5 		str	r0, [fp, #-16]
  62:../ufo.c      ****     if( self->state == noUfo )
 1663              		.loc 1 62 0
 1664 02a4 10301BE5 		ldr	r3, [fp, #-16]
 1665 02a8 0030D3E5 		ldrb	r3, [r3, #0]	@ zero_extendqisi2
 1666 02ac 000053E3 		cmp	r3, #0
 1667 02b0 2200001A 		bne	.L18
  63:../ufo.c      ****     {
  64:../ufo.c      ****         if( random_get() & 0x1 )
 1668              		.loc 1 64 0
 1669 02b4 FEFFFFEB 		bl	random_get
 1670 02b8 0030A0E1 		mov	r3, r0
 1671 02bc 013003E2 		and	r3, r3, #1
 1672 02c0 FF3003E2 		and	r3, r3, #255
 1673 02c4 000053E3 		cmp	r3, #0
 1674 02c8 0600000A 		beq	.L20
  65:../ufo.c      ****         {
  66:../ufo.c      ****             self->state = ufoMovingLeft;
 1675              		.loc 1 66 0
 1676 02cc 10301BE5 		ldr	r3, [fp, #-16]
 1677 02d0 0120A0E3 		mov	r2, #1
 1678 02d4 0020C3E5 		strb	r2, [r3, #0]
  67:../ufo.c      ****             self->col   = UFO_MAX_COL;
 1679              		.loc 1 67 0
 1680 02d8 10301BE5 		ldr	r3, [fp, #-16]
 1681 02dc 8820A0E3 		mov	r2, #136
 1682 02e0 B420C3E1 		strh	r2, [r3, #4]	@ movhi
 1683 02e4 050000EA 		b	.L21
 1684              	.L20:
  68:../ufo.c      ****         }
  69:../ufo.c      ****         else
  70:../ufo.c      ****         {
  71:../ufo.c      ****             self->state = ufoMovingRight;
 1685              		.loc 1 71 0
 1686 02e8 10301BE5 		ldr	r3, [fp, #-16]
 1687 02ec 0220A0E3 		mov	r2, #2
 1688 02f0 0020C3E5 		strb	r2, [r3, #0]
  72:../ufo.c      ****             self->col   = UFO_MIN_COL;
 1689              		.loc 1 72 0
 1690 02f4 10301BE5 		ldr	r3, [fp, #-16]
 1691 02f8 0020A0E3 		mov	r2, #0
 1692 02fc B420C3E1 		strh	r2, [r3, #4]	@ movhi
 1693              	.L21:
  73:../ufo.c      ****         }
  74:../ufo.c      ****         self->score = scoreTable[random_get()&0xF];
 1694              		.loc 1 74 0
 1695 0300 FEFFFFEB 		bl	random_get
 1696 0304 0030A0E1 		mov	r3, r0
 1697 0308 0F3003E2 		and	r3, r3, #15
 1698 030c 38209FE5 		ldr	r2, .L22
 1699 0310 8330A0E1 		mov	r3, r3, asl #1
 1700 0314 033082E0 		add	r3, r2, r3
 1701 0318 B030D3E1 		ldrh	r3, [r3, #0]
 1702 031c FF2003E2 		and	r2, r3, #255
 1703 0320 10301BE5 		ldr	r3, [fp, #-16]
 1704 0324 0220C3E5 		strb	r2, [r3, #2]
  75:../ufo.c      ****         ufo_draw( self );
 1705              		.loc 1 75 0
 1706 0328 10001BE5 		ldr	r0, [fp, #-16]
 1707 032c 55FFFFEB 		bl	ufo_draw
  76:../ufo.c      ****         sound_play( &self->launchSound );
 1708              		.loc 1 76 0
 1709 0330 10301BE5 		ldr	r3, [fp, #-16]
 1710 0334 183083E2 		add	r3, r3, #24
 1711 0338 0300A0E1 		mov	r0, r3
 1712 033c FEFFFFEB 		bl	sound_play
 1713              	.L18:
  77:../ufo.c      ****     }
  78:../ufo.c      **** }
 1714              		.loc 1 78 0
 1715 0340 0CD04BE2 		sub	sp, fp, #12
 1716 0344 00689DE8 		ldmfd	sp, {fp, sp, lr}
 1717 0348 1EFF2FE1 		bx	lr
 1718              	.L23:
 1719              		.align	2
 1720              	.L22:
 1721 034c 00000000 		.word	scoreTable
 1722              		.cfi_endproc
 1723              	.LFE3:
 1725              		.align	2
 1726              		.global	ufo_update
 1728              	ufo_update:
 1729              	.LFB4:
  79:../ufo.c      **** 
  80:../ufo.c      **** void ufo_update( Ufo *self )
  81:../ufo.c      **** {
 1730              		.loc 1 81 0
 1731              		.cfi_startproc
 1732              		@ Function supports interworking.
 1733              		@ args = 0, pretend = 0, frame = 8
 1734              		@ frame_needed = 1, uses_anonymous_args = 0
 1735 0350 0DC0A0E1 		mov	ip, sp
 1736              	.LCFI8:
 1737              		.cfi_def_cfa_register 12
 1738 0354 00D82DE9 		stmfd	sp!, {fp, ip, lr, pc}
 1739 0358 04B04CE2 		sub	fp, ip, #4
 1740              		.cfi_offset 14, -8
 1741              		.cfi_offset 13, -12
 1742              		.cfi_offset 11, -16
 1743              	.LCFI9:
 1744              		.cfi_def_cfa 11, 4
 1745 035c 08D04DE2 		sub	sp, sp, #8
 1746 0360 10000BE5 		str	r0, [fp, #-16]
  82:../ufo.c      ****     switch( self->state )
 1747              		.loc 1 82 0
 1748 0364 10301BE5 		ldr	r3, [fp, #-16]
 1749 0368 0030D3E5 		ldrb	r3, [r3, #0]	@ zero_extendqisi2
 1750 036c 040053E3 		cmp	r3, #4
 1751 0370 03F19F97 		ldrls	pc, [pc, r3, asl #2]
 1752 0374 1F0000EA 		b	.L24
 1753              	.L31:
 1754 0378 F8030000 		.word	.L24
 1755 037c 8C030000 		.word	.L27
 1756 0380 F8030000 		.word	.L24
 1757 0384 F8030000 		.word	.L24
 1758 0388 F8030000 		.word	.L24
 1759              	.L27:
  83:../ufo.c      ****     {
  84:../ufo.c      ****         case ufoMovingLeft:
  85:../ufo.c      ****             ufo_clear( self );
 1760              		.loc 1 85 0
 1761 038c 10001BE5 		ldr	r0, [fp, #-16]
 1762 0390 7DFFFFEB 		bl	ufo_clear
  86:../ufo.c      ****             if( (self->col - UFO_ADVANCE_COL) >= UFO_MIN_COL )
 1763              		.loc 1 86 0
 1764 0394 10301BE5 		ldr	r3, [fp, #-16]
 1765 0398 B430D3E1 		ldrh	r3, [r3, #4]
 1766 039c 0338A0E1 		mov	r3, r3, asl #16
 1767 03a0 4338A0E1 		mov	r3, r3, asr #16
 1768 03a4 023043E2 		sub	r3, r3, #2
 1769 03a8 000053E3 		cmp	r3, #0
 1770 03ac 0D0000BA 		blt	.L32
  87:../ufo.c      ****             {
  88:../ufo.c      ****                 self->col -= UFO_ADVANCE_COL;
 1771              		.loc 1 88 0
 1772 03b0 10301BE5 		ldr	r3, [fp, #-16]
 1773 03b4 B430D3E1 		ldrh	r3, [r3, #4]
 1774 03b8 0338A0E1 		mov	r3, r3, asl #16
 1775 03bc 2338A0E1 		mov	r3, r3, lsr #16
 1776 03c0 023043E2 		sub	r3, r3, #2
 1777 03c4 0338A0E1 		mov	r3, r3, asl #16
 1778 03c8 2338A0E1 		mov	r3, r3, lsr #16
 1779 03cc 0338A0E1 		mov	r3, r3, asl #16
 1780 03d0 2328A0E1 		mov	r2, r3, lsr #16
 1781 03d4 10301BE5 		ldr	r3, [fp, #-16]
 1782 03d8 B420C3E1 		strh	r2, [r3, #4]	@ movhi
  89:../ufo.c      ****                 ufo_draw( self );
 1783              		.loc 1 89 0
 1784 03dc 10001BE5 		ldr	r0, [fp, #-16]
 1785 03e0 28FFFFEB 		bl	ufo_draw
  90:../ufo.c      ****             }
  91:../ufo.c      ****             else
  92:../ufo.c      ****             {
  93:../ufo.c      ****                 self->state  = noUfo;
  94:../ufo.c      ****             }
  95:../ufo.c      ****             break;
 1786              		.loc 1 95 0
 1787 03e4 030000EA 		b	.L24
 1788              	.L32:
  93:../ufo.c      ****                 self->state  = noUfo;
 1789              		.loc 1 93 0
 1790 03e8 10301BE5 		ldr	r3, [fp, #-16]
 1791 03ec 0020A0E3 		mov	r2, #0
 1792 03f0 0020C3E5 		strb	r2, [r3, #0]
 1793              		.loc 1 95 0
 1794 03f4 0000A0E1 		mov	r0, r0	@ nop
 1795              	.L24:
  96:../ufo.c      ****         case ufoMovingRight:
  97:../ufo.c      ****             break;
  98:../ufo.c      ****         case ufoExploding:
  99:../ufo.c      ****             break;
 100:../ufo.c      ****         case ufoScoring:
 101:../ufo.c      ****             break;
 102:../ufo.c      ****         case noUfo:
 103:../ufo.c      ****             break;
 104:../ufo.c      ****     }     
 105:../ufo.c      **** }
 1796              		.loc 1 105 0
 1797 03f8 0CD04BE2 		sub	sp, fp, #12
 1798 03fc 00689DE8 		ldmfd	sp, {fp, sp, lr}
 1799 0400 1EFF2FE1 		bx	lr
 1800              		.cfi_endproc
 1801              	.LFE4:
 1803              		.align	2
 1804              		.global	ufo_hit
 1806              	ufo_hit:
 1807              	.LFB5:
 106:../ufo.c      **** 
 107:../ufo.c      **** void ufo_hit( Ufo *self )
 108:../ufo.c      **** {
 1808              		.loc 1 108 0
 1809              		.cfi_startproc
 1810              		@ Function supports interworking.
 1811              		@ args = 0, pretend = 0, frame = 8
 1812              		@ frame_needed = 1, uses_anonymous_args = 0
 1813 0404 0DC0A0E1 		mov	ip, sp
 1814              	.LCFI10:
 1815              		.cfi_def_cfa_register 12
 1816 0408 00D82DE9 		stmfd	sp!, {fp, ip, lr, pc}
 1817 040c 04B04CE2 		sub	fp, ip, #4
 1818              		.cfi_offset 14, -8
 1819              		.cfi_offset 13, -12
 1820              		.cfi_offset 11, -16
 1821              	.LCFI11:
 1822              		.cfi_def_cfa 11, 4
 1823 0410 08D04DE2 		sub	sp, sp, #8
 1824 0414 10000BE5 		str	r0, [fp, #-16]
 109:../ufo.c      ****     ufo_clear( self );
 1825              		.loc 1 109 0
 1826 0418 10001BE5 		ldr	r0, [fp, #-16]
 1827 041c 5AFFFFEB 		bl	ufo_clear
 110:../ufo.c      ****     self->countDown = UFO_EXPLODING_TIME/UFO_UPDATE_PERIOD;
 1828              		.loc 1 110 0
 1829 0420 10301BE5 		ldr	r3, [fp, #-16]
 1830 0424 0520A0E3 		mov	r2, #5
 1831 0428 0120C3E5 		strb	r2, [r3, #1]
 111:../ufo.c      ****     self->state = ufoExploding;   
 1832              		.loc 1 111 0
 1833 042c 10301BE5 		ldr	r3, [fp, #-16]
 1834 0430 0320A0E3 		mov	r2, #3
 1835 0434 0020C3E5 		strb	r2, [r3, #0]
 112:../ufo.c      ****     ufo_draw( self );
 1836              		.loc 1 112 0
 1837 0438 10001BE5 		ldr	r0, [fp, #-16]
 1838 043c 11FFFFEB 		bl	ufo_draw
 113:../ufo.c      ****     sound_play( &self->explosionSound );
 1839              		.loc 1 113 0
 1840 0440 10301BE5 		ldr	r3, [fp, #-16]
 1841 0444 1C3083E2 		add	r3, r3, #28
 1842 0448 0300A0E1 		mov	r0, r3
 1843 044c FEFFFFEB 		bl	sound_play
 114:../ufo.c      **** }
 1844              		.loc 1 114 0
 1845 0450 0CD04BE2 		sub	sp, fp, #12
 1846 0454 00689DE8 		ldmfd	sp, {fp, sp, lr}
 1847 0458 1EFF2FE1 		bx	lr
 1848              		.cfi_endproc
 1849              	.LFE5:
 1851              		.section	.rodata
 1852              		.align	2
 1855              	C.0.4981:
 1856 0000 1800     		.short	24
 1857 0002 0A00     		.short	10
 1858 0004 00000000 		.word	ufoPixMap
 1859              		.align	2
 1862              	C.1.4982:
 1863 0008 1800     		.short	24
 1864 000a 0A00     		.short	10
 1865 000c 00000000 		.word	ufoExplosionPixMap
 1866              		.text
 1867              	.Letext0:
DEFINED SYMBOLS
                            *ABS*:00000000 ufo.c
C:\Users\alber\AppData\Local\Temp\cc2CViAA.s:1362   .data:00000000 $d
C:\Users\alber\AppData\Local\Temp\cc2CViAA.s:1365   .data:00000000 scoreTable
C:\Users\alber\AppData\Local\Temp\cc2CViAA.s:1383   .text:00000000 $a
C:\Users\alber\AppData\Local\Temp\cc2CViAA.s:1386   .text:00000000 ufo_init
C:\Users\alber\AppData\Local\Temp\cc2CViAA.s:1440   .text:00000078 $d
C:\Users\alber\AppData\Local\Temp\cc2CViAA.s:1855   .rodata:00000000 C.0.4981
C:\Users\alber\AppData\Local\Temp\cc2CViAA.s:1862   .rodata:00000008 C.1.4982
C:\Users\alber\AppData\Local\Temp\cc2CViAA.s:1447   .text:00000088 $a
C:\Users\alber\AppData\Local\Temp\cc2CViAA.s:1449   .text:00000088 ufo_draw
C:\Users\alber\AppData\Local\Temp\cc2CViAA.s:1475   .text:000000b0 $d
C:\Users\alber\AppData\Local\Temp\cc2CViAA.s:1482   .text:000000c4 $a
C:\Users\alber\AppData\Local\Temp\cc2CViAA.s:1546   .text:0000018c ufo_clear
C:\Users\alber\AppData\Local\Temp\cc2CViAA.s:1572   .text:000001b4 $d
C:\Users\alber\AppData\Local\Temp\cc2CViAA.s:1579   .text:000001c8 $a
C:\Users\alber\AppData\Local\Temp\cc2CViAA.s:1644   .text:00000290 ufo_launch
C:\Users\alber\AppData\Local\Temp\cc2CViAA.s:1721   .text:0000034c $d
C:\Users\alber\AppData\Local\Temp\cc2CViAA.s:1725   .text:00000350 $a
C:\Users\alber\AppData\Local\Temp\cc2CViAA.s:1728   .text:00000350 ufo_update
C:\Users\alber\AppData\Local\Temp\cc2CViAA.s:1754   .text:00000378 $d
C:\Users\alber\AppData\Local\Temp\cc2CViAA.s:1761   .text:0000038c $a
C:\Users\alber\AppData\Local\Temp\cc2CViAA.s:1806   .text:00000404 ufo_hit
C:\Users\alber\AppData\Local\Temp\cc2CViAA.s:1852   .rodata:00000000 $d
                     .debug_frame:00000010 $d

UNDEFINED SYMBOLS
sprite_draw
lcd_putint
sprite_clear
random_get
sound_play
ufoPixMap
ufoExplosionPixMap
